<?xml version="1.0" encoding="UTF-8"?>
<testsuite xmlns:xsi="http://www.w3.org/2001/XMLSchema-instance" xsi:noNamespaceSchemaLocation="https://maven.apache.org/surefire/maven-surefire-plugin/xsd/surefire-test-report.xsd" name="AfishaTest" time="0.074" tests="7" errors="0" skipped="0" failures="0">
  <properties>
[...]
</properties>
  <testcase name="findLastTest2" classname="AfishaTest" time="0.051"/>
  <testcase name="findLastTest" classname="AfishaTest" time="0"/>
  <testcase name="numberOfFilmsIsEqualToTheLimit" classname="AfishaTest" time="0"/>
  <testcase name="numberOfFilmsIsMoreThanTheLimit" classname="AfishaTest" time="0.001"/>
  <testcase name="findAllTest" classname="AfishaTest" time="0.001"/>
  <testcase name="numberOfFilmsIsLessThanTheLimit" classname="AfishaTest" time="0.001"/>
  <testcase name="findAllTest1" classname="AfishaTest" time="0"/>
</testsuite>